<?xml version="1.0" encoding="UTF-8"?>
<testsuite xmlns:xsi="http://www.w3.org/2001/XMLSchema-instance" xsi:noNamespaceSchemaLocation="https://maven.apache.org/surefire/maven-surefire-plugin/xsd/surefire-test-report-3.0.xsd" version="3.0" name="TestSuite" time="0.835" tests="2" errors="0" skipped="0" failures="0">
  <properties>
[...]
</properties>
  <testcase name="hello" classname="excercisepkg.TestCase1" time="0.011">
    <system-out><![CDATA[Inside test1 method
]]></system-out>
  </testcase>
  <testcase name="beforeTest" classname="excercisepkg.TestCase2" time="0.001">
    <system-out><![CDATA[Inside test2 method
]]></system-out>
  </testcase>
</testsuite>