<?xml version="1.0" encoding="UTF-8"?>
<testng-results ignored="0" total="2" passed="2" failed="0" skipped="0">
  <reporter-output>
  </reporter-output>
  <suite started-at="2021-12-20T23:45:34Z" name="Suite" finished-at="2021-12-20T23:45:34Z" duration-ms="32">
    <groups>
    </groups>
    <test started-at="2021-12-20T23:45:34Z" name="Test1" finished-at="2021-12-20T23:45:34Z" duration-ms="32">
      <class name="excercisepkg.TestCase1">
        <test-method signature="hello()[pri:0, instance:excercisepkg.TestCase1@31f9b85e]" started-at="2021-12-20T23:45:34Z" name="hello" finished-at="2021-12-20T23:45:34Z" duration-ms="9" status="PASS">
          <reporter-output>
          </reporter-output>
        </test-method> <!-- hello -->
      </class> <!-- excercisepkg.TestCase1 -->
    </test> <!-- Test1 -->
  </suite> <!-- Suite -->
  <suite started-at="2021-12-20T23:45:34Z" name="Suite (0)" finished-at="2021-12-20T23:45:34Z" duration-ms="1">
    <groups>
    </groups>
    <test started-at="2021-12-20T23:45:34Z" name="Test2" finished-at="2021-12-20T23:45:34Z" duration-ms="1">
      <class name="excercisepkg.TestCase2">
        <test-method signature="beforeTest()[pri:0, instance:excercisepkg.TestCase2@7748410a]" started-at="2021-12-20T23:45:34Z" name="beforeTest" finished-at="2021-12-20T23:45:34Z" duration-ms="0" status="PASS">
          <reporter-output>
          </reporter-output>
        </test-method> <!-- beforeTest -->
      </class> <!-- excercisepkg.TestCase2 -->
    </test> <!-- Test2 -->
  </suite> <!-- Suite (0) -->
</testng-results>
