<?xml version="1.0" encoding="UTF-8"?>
<testng-results skipped="0" failed="0" ignored="0" total="1" passed="1">
  <reporter-output>
  </reporter-output>
  <suite name="Default suite" duration-ms="65" started-at="2021-12-20T22:19:39Z" finished-at="2021-12-20T22:19:39Z">
    <groups>
    </groups>
    <test name="Default test" duration-ms="65" started-at="2021-12-20T22:19:39Z" finished-at="2021-12-20T22:19:39Z">
      <class name="excercisepkg.TestCase1">
        <test-method status="PASS" signature="hello()[pri:0, instance:excercisepkg.TestCase1@4b952a2d]" name="hello" duration-ms="20" started-at="2021-12-20T22:19:39Z" finished-at="2021-12-20T22:19:39Z">
          <reporter-output>
          </reporter-output>
        </test-method> <!-- hello -->
      </class> <!-- excercisepkg.TestCase1 -->
    </test> <!-- Default test -->
  </suite> <!-- Default suite -->
</testng-results>
